
AVRASM ver. 2.1.30  E:\ELECTRICAL\AVR\AVR PROJECT\SERVO PWM ADC LCD\PROGRAM\List\SERVO PWM ADC LCD.asm Mon Nov 07 12:55:05 2016

E:\ELECTRICAL\AVR\AVR PROJECT\SERVO PWM ADC LCD\PROGRAM\List\SERVO PWM ADC LCD.asm(1072): warning: Register r5 already defined by the .DEF directive
E:\ELECTRICAL\AVR\AVR PROJECT\SERVO PWM ADC LCD\PROGRAM\List\SERVO PWM ADC LCD.asm(1073): warning: Register r4 already defined by the .DEF directive
E:\ELECTRICAL\AVR\AVR PROJECT\SERVO PWM ADC LCD\PROGRAM\List\SERVO PWM ADC LCD.asm(1074): warning: Register r7 already defined by the .DEF directive
                 
                 
                 ;CodeVisionAVR C Compiler V2.05.3 Standard
                 ;(C) Copyright 1998-2011 Pavel Haiduc, HP InfoTech s.r.l.
                 ;http://www.hpinfotech.com
                 
                 ;Chip type                : ATmega32
                 ;Program type             : Application
                 ;Clock frequency          : 16/000000 MHz
                 ;Memory model             : Small
                 ;Optimize for             : Size
                 ;(s)printf features       : int, width
                 ;(s)scanf features        : int, width
                 ;External RAM size        : 0
                 ;Data Stack size          : 512 byte(s)
                 ;Heap size                : 0 byte(s)
                 ;Promote 'char' to 'int'  : Yes
                 ;'char' is unsigned       : Yes
                 ;8 bit enums              : Yes
                 ;Global 'const' stored in FLASH     : No
                 ;Enhanced function parameter passing: Yes
                 ;Enhanced core instructions         : On
                 ;Smart register allocation          : On
                 ;Automatic register allocation      : On
                 
                 	#pragma AVRPART ADMIN PART_NAME ATmega32
                 	#pragma AVRPART MEMORY PROG_FLASH 32768
                 	#pragma AVRPART MEMORY EEPROM 1024
                 	#pragma AVRPART MEMORY INT_SRAM SIZE 2143
                 	#pragma AVRPART MEMORY INT_SRAM START_ADDR 0x60
                 
                 	#define CALL_SUPPORTED 1
                 
                 	.LISTMAC
                 	.EQU UDRE=0x5
                 	.EQU RXC=0x7
                 	.EQU USR=0xB
                 	.EQU UDR=0xC
                 	.EQU SPSR=0xE
                 	.EQU SPDR=0xF
                 	.EQU EERE=0x0
                 	.EQU EEWE=0x1
                 	.EQU EEMWE=0x2
                 	.EQU EECR=0x1C
                 	.EQU EEDR=0x1D
                 	.EQU EEARL=0x1E
                 	.EQU EEARH=0x1F
                 	.EQU WDTCR=0x21
                 	.EQU MCUCR=0x35
                 	.EQU GICR=0x3B
                 	.EQU SPL=0x3D
                 	.EQU SPH=0x3E
                 	.EQU SREG=0x3F
                 
                 	.DEF R0X0=R0
                 	.DEF R0X1=R1
                 	.DEF R0X2=R2
                 	.DEF R0X3=R3
                 	.DEF R0X4=R4
                 	.DEF R0X5=R5
                 	.DEF R0X6=R6
                 	.DEF R0X7=R7
                 	.DEF R0X8=R8
                 	.DEF R0X9=R9
                 	.DEF R0XA=R10
                 	.DEF R0XB=R11
                 	.DEF R0XC=R12
                 	.DEF R0XD=R13
                 	.DEF R0XE=R14
                 	.DEF R0XF=R15
                 	.DEF R0X10=R16
                 	.DEF R0X11=R17
                 	.DEF R0X12=R18
                 	.DEF R0X13=R19
                 	.DEF R0X14=R20
                 	.DEF R0X15=R21
                 	.DEF R0X16=R22
                 	.DEF R0X17=R23
                 	.DEF R0X18=R24
                 	.DEF R0X19=R25
                 	.DEF R0X1A=R26
                 	.DEF R0X1B=R27
                 	.DEF R0X1C=R28
                 	.DEF R0X1D=R29
                 	.DEF R0X1E=R30
                 	.DEF R0X1F=R31
                 
                 	.EQU __SRAM_START=0x0060
                 	.EQU __SRAM_END=0x085F
                 	.EQU __DSTACK_SIZE=0x0200
                 	.EQU __HEAP_SIZE=0x0000
                 	.EQU __CLEAR_SRAM_SIZE=__SRAM_END-__SRAM_START+1
                 
                 	.MACRO __CPD1N
                 	CPI  R30,LOW(@0)
                 	LDI  R26,HIGH(@0)
                 	CPC  R31,R26
                 	LDI  R26,BYTE3(@0)
                 	CPC  R22,R26
                 	LDI  R26,BYTE4(@0)
                 	CPC  R23,R26
                 	.ENDM
                 
                 	.MACRO __CPD2N
                 	CPI  R26,LOW(@0)
                 	LDI  R30,HIGH(@0)
                 	CPC  R27,R30
                 	LDI  R30,BYTE3(@0)
                 	CPC  R24,R30
                 	LDI  R30,BYTE4(@0)
                 	CPC  R25,R30
                 	.ENDM
                 
                 	.MACRO __CPWRR
                 	CP   R@0,R@2
                 	CPC  R@1,R@3
                 	.ENDM
                 
                 	.MACRO __CPWRN
                 	CPI  R@0,LOW(@2)
                 	LDI  R30,HIGH(@2)
                 	CPC  R@1,R30
                 	.ENDM
                 
                 	.MACRO __ADDB1MN
                 	SUBI R30,LOW(-@0-(@1))
                 	.ENDM
                 
                 	.MACRO __ADDB2MN
                 	SUBI R26,LOW(-@0-(@1))
                 	.ENDM
                 
                 	.MACRO __ADDW1MN
                 	SUBI R30,LOW(-@0-(@1))
                 	SBCI R31,HIGH(-@0-(@1))
                 	.ENDM
                 
                 	.MACRO __ADDW2MN
                 	SUBI R26,LOW(-@0-(@1))
                 	SBCI R27,HIGH(-@0-(@1))
                 	.ENDM
                 
                 	.MACRO __ADDW1FN
                 	SUBI R30,LOW(-2*@0-(@1))
                 	SBCI R31,HIGH(-2*@0-(@1))
                 	.ENDM
                 
                 	.MACRO __ADDD1FN
                 	SUBI R30,LOW(-2*@0-(@1))
                 	SBCI R31,HIGH(-2*@0-(@1))
                 	SBCI R22,BYTE3(-2*@0-(@1))
                 	.ENDM
                 
                 	.MACRO __ADDD1N
                 	SUBI R30,LOW(-@0)
                 	SBCI R31,HIGH(-@0)
                 	SBCI R22,BYTE3(-@0)
                 	SBCI R23,BYTE4(-@0)
                 	.ENDM
                 
                 	.MACRO __ADDD2N
                 	SUBI R26,LOW(-@0)
                 	SBCI R27,HIGH(-@0)
                 	SBCI R24,BYTE3(-@0)
                 	SBCI R25,BYTE4(-@0)
                 	.ENDM
                 
                 	.MACRO __SUBD1N
                 	SUBI R30,LOW(@0)
                 	SBCI R31,HIGH(@0)
                 	SBCI R22,BYTE3(@0)
                 	SBCI R23,BYTE4(@0)
                 	.ENDM
                 
                 	.MACRO __SUBD2N
                 	SUBI R26,LOW(@0)
                 	SBCI R27,HIGH(@0)
                 	SBCI R24,BYTE3(@0)
                 	SBCI R25,BYTE4(@0)
                 	.ENDM
                 
                 	.MACRO __ANDBMNN
                 	LDS  R30,@0+(@1)
                 	ANDI R30,LOW(@2)
                 	STS  @0+(@1),R30
                 	.ENDM
                 
                 	.MACRO __ANDWMNN
                 	LDS  R30,@0+(@1)
                 	ANDI R30,LOW(@2)
                 	STS  @0+(@1),R30
                 	LDS  R30,@0+(@1)+1
                 	ANDI R30,HIGH(@2)
                 	STS  @0+(@1)+1,R30
                 	.ENDM
                 
                 	.MACRO __ANDD1N
                 	ANDI R30,LOW(@0)
                 	ANDI R31,HIGH(@0)
                 	ANDI R22,BYTE3(@0)
                 	ANDI R23,BYTE4(@0)
                 	.ENDM
                 
                 	.MACRO __ANDD2N
                 	ANDI R26,LOW(@0)
                 	ANDI R27,HIGH(@0)
                 	ANDI R24,BYTE3(@0)
                 	ANDI R25,BYTE4(@0)
                 	.ENDM
                 
                 	.MACRO __ORBMNN
                 	LDS  R30,@0+(@1)
                 	ORI  R30,LOW(@2)
                 	STS  @0+(@1),R30
                 	.ENDM
                 
                 	.MACRO __ORWMNN
                 	LDS  R30,@0+(@1)
                 	ORI  R30,LOW(@2)
                 	STS  @0+(@1),R30
                 	LDS  R30,@0+(@1)+1
                 	ORI  R30,HIGH(@2)
                 	STS  @0+(@1)+1,R30
                 	.ENDM
                 
                 	.MACRO __ORD1N
                 	ORI  R30,LOW(@0)
                 	ORI  R31,HIGH(@0)
                 	ORI  R22,BYTE3(@0)
                 	ORI  R23,BYTE4(@0)
                 	.ENDM
                 
                 	.MACRO __ORD2N
                 	ORI  R26,LOW(@0)
                 	ORI  R27,HIGH(@0)
                 	ORI  R24,BYTE3(@0)
                 	ORI  R25,BYTE4(@0)
                 	.ENDM
                 
                 	.MACRO __DELAY_USB
                 	LDI  R24,LOW(@0)
                 __DELAY_USB_LOOP:
                 	DEC  R24
                 	BRNE __DELAY_USB_LOOP
                 	.ENDM
                 
                 	.MACRO __DELAY_USW
                 	LDI  R24,LOW(@0)
                 	LDI  R25,HIGH(@0)
                 __DELAY_USW_LOOP:
                 	SBIW R24,1
                 	BRNE __DELAY_USW_LOOP
                 	.ENDM
                 
                 	.MACRO __GETD1S
                 	LDD  R30,Y+@0
                 	LDD  R31,Y+@0+1
                 	LDD  R22,Y+@0+2
                 	LDD  R23,Y+@0+3
                 	.ENDM
                 
                 	.MACRO __GETD2S
                 	LDD  R26,Y+@0
                 	LDD  R27,Y+@0+1
                 	LDD  R24,Y+@0+2
                 	LDD  R25,Y+@0+3
                 	.ENDM
                 
                 	.MACRO __PUTD1S
                 	STD  Y+@0,R30
                 	STD  Y+@0+1,R31
                 	STD  Y+@0+2,R22
                 	STD  Y+@0+3,R23
                 	.ENDM
                 
                 	.MACRO __PUTD2S
                 	STD  Y+@0,R26
                 	STD  Y+@0+1,R27
                 	STD  Y+@0+2,R24
                 	STD  Y+@0+3,R25
                 	.ENDM
                 
                 	.MACRO __PUTDZ2
                 	STD  Z+@0,R26
                 	STD  Z+@0+1,R27
                 	STD  Z+@0+2,R24
                 	STD  Z+@0+3,R25
                 	.ENDM
                 
                 	.MACRO __CLRD1S
                 	STD  Y+@0,R30
                 	STD  Y+@0+1,R30
                 	STD  Y+@0+2,R30
                 	STD  Y+@0+3,R30
                 	.ENDM
                 
                 	.MACRO __POINTB1MN
                 	LDI  R30,LOW(@0+(@1))
                 	.ENDM
                 
                 	.MACRO __POINTW1MN
                 	LDI  R30,LOW(@0+(@1))
                 	LDI  R31,HIGH(@0+(@1))
                 	.ENDM
                 
                 	.MACRO __POINTD1M
                 	LDI  R30,LOW(@0)
                 	LDI  R31,HIGH(@0)
                 	LDI  R22,BYTE3(@0)
                 	LDI  R23,BYTE4(@0)
                 	.ENDM
                 
                 	.MACRO __POINTW1FN
                 	LDI  R30,LOW(2*@0+(@1))
                 	LDI  R31,HIGH(2*@0+(@1))
                 	.ENDM
                 
                 	.MACRO __POINTD1FN
                 	LDI  R30,LOW(2*@0+(@1))
                 	LDI  R31,HIGH(2*@0+(@1))
                 	LDI  R22,BYTE3(2*@0+(@1))
                 	LDI  R23,BYTE4(2*@0+(@1))
                 	.ENDM
                 
                 	.MACRO __POINTB2MN
                 	LDI  R26,LOW(@0+(@1))
                 	.ENDM
                 
                 	.MACRO __POINTW2MN
                 	LDI  R26,LOW(@0+(@1))
                 	LDI  R27,HIGH(@0+(@1))
                 	.ENDM
                 
                 	.MACRO __POINTW2FN
                 	LDI  R26,LOW(2*@0+(@1))
                 	LDI  R27,HIGH(2*@0+(@1))
                 	.ENDM
                 
                 	.MACRO __POINTD2FN
                 	LDI  R26,LOW(2*@0+(@1))
                 	LDI  R27,HIGH(2*@0+(@1))
                 	LDI  R24,BYTE3(2*@0+(@1))
                 	LDI  R25,BYTE4(2*@0+(@1))
                 	.ENDM
                 
                 	.MACRO __POINTBRM
                 	LDI  R@0,LOW(@1)
                 	.ENDM
                 
                 	.MACRO __POINTWRM
                 	LDI  R@0,LOW(@2)
                 	LDI  R@1,HIGH(@2)
                 	.ENDM
                 
                 	.MACRO __POINTBRMN
                 	LDI  R@0,LOW(@1+(@2))
                 	.ENDM
                 
                 	.MACRO __POINTWRMN
                 	LDI  R@0,LOW(@2+(@3))
                 	LDI  R@1,HIGH(@2+(@3))
                 	.ENDM
                 
                 	.MACRO __POINTWRFN
                 	LDI  R@0,LOW(@2*2+(@3))
                 	LDI  R@1,HIGH(@2*2+(@3))
                 	.ENDM
                 
                 	.MACRO __GETD1N
                 	LDI  R30,LOW(@0)
                 	LDI  R31,HIGH(@0)
                 	LDI  R22,BYTE3(@0)
                 	LDI  R23,BYTE4(@0)
                 	.ENDM
                 
                 	.MACRO __GETD2N
                 	LDI  R26,LOW(@0)
                 	LDI  R27,HIGH(@0)
                 	LDI  R24,BYTE3(@0)
                 	LDI  R25,BYTE4(@0)
                 	.ENDM
                 
                 	.MACRO __GETB1MN
                 	LDS  R30,@0+(@1)
                 	.ENDM
                 
                 	.MACRO __GETB1HMN
                 	LDS  R31,@0+(@1)
                 	.ENDM
                 
                 	.MACRO __GETW1MN
                 	LDS  R30,@0+(@1)
                 	LDS  R31,@0+(@1)+1
                 	.ENDM
                 
                 	.MACRO __GETD1MN
                 	LDS  R30,@0+(@1)
                 	LDS  R31,@0+(@1)+1
                 	LDS  R22,@0+(@1)+2
                 	LDS  R23,@0+(@1)+3
                 	.ENDM
                 
                 	.MACRO __GETBRMN
                 	LDS  R@0,@1+(@2)
                 	.ENDM
                 
                 	.MACRO __GETWRMN
                 	LDS  R@0,@2+(@3)
                 	LDS  R@1,@2+(@3)+1
                 	.ENDM
                 
                 	.MACRO __GETWRZ
                 	LDD  R@0,Z+@2
                 	LDD  R@1,Z+@2+1
                 	.ENDM
                 
                 	.MACRO __GETD2Z
                 	LDD  R26,Z+@0
                 	LDD  R27,Z+@0+1
                 	LDD  R24,Z+@0+2
                 	LDD  R25,Z+@0+3
                 	.ENDM
                 
                 	.MACRO __GETB2MN
                 	LDS  R26,@0+(@1)
                 	.ENDM
                 
                 	.MACRO __GETW2MN
                 	LDS  R26,@0+(@1)
                 	LDS  R27,@0+(@1)+1
                 	.ENDM
                 
                 	.MACRO __GETD2MN
                 	LDS  R26,@0+(@1)
                 	LDS  R27,@0+(@1)+1
                 	LDS  R24,@0+(@1)+2
                 	LDS  R25,@0+(@1)+3
                 	.ENDM
                 
                 	.MACRO __PUTB1MN
                 	STS  @0+(@1),R30
                 	.ENDM
                 
                 	.MACRO __PUTW1MN
                 	STS  @0+(@1),R30
                 	STS  @0+(@1)+1,R31
                 	.ENDM
                 
                 	.MACRO __PUTD1MN
                 	STS  @0+(@1),R30
                 	STS  @0+(@1)+1,R31
                 	STS  @0+(@1)+2,R22
                 	STS  @0+(@1)+3,R23
                 	.ENDM
                 
                 	.MACRO __PUTB1EN
                 	LDI  R26,LOW(@0+(@1))
                 	LDI  R27,HIGH(@0+(@1))
                 	CALL __EEPROMWRB
                 	.ENDM
                 
                 	.MACRO __PUTW1EN
                 	LDI  R26,LOW(@0+(@1))
                 	LDI  R27,HIGH(@0+(@1))
                 	CALL __EEPROMWRW
                 	.ENDM
                 
                 	.MACRO __PUTD1EN
                 	LDI  R26,LOW(@0+(@1))
                 	LDI  R27,HIGH(@0+(@1))
                 	CALL __EEPROMWRD
                 	.ENDM
                 
                 	.MACRO __PUTBR0MN
                 	STS  @0+(@1),R0
                 	.ENDM
                 
                 	.MACRO __PUTBMRN
                 	STS  @0+(@1),R@2
                 	.ENDM
                 
                 	.MACRO __PUTWMRN
                 	STS  @0+(@1),R@2
                 	STS  @0+(@1)+1,R@3
                 	.ENDM
                 
                 	.MACRO __PUTBZR
                 	STD  Z+@1,R@0
                 	.ENDM
                 
                 	.MACRO __PUTWZR
                 	STD  Z+@2,R@0
                 	STD  Z+@2+1,R@1
                 	.ENDM
                 
                 	.MACRO __GETW1R
                 	MOV  R30,R@0
                 	MOV  R31,R@1
                 	.ENDM
                 
                 	.MACRO __GETW2R
                 	MOV  R26,R@0
                 	MOV  R27,R@1
                 	.ENDM
                 
                 	.MACRO __GETWRN
                 	LDI  R@0,LOW(@2)
                 	LDI  R@1,HIGH(@2)
                 	.ENDM
                 
                 	.MACRO __PUTW1R
                 	MOV  R@0,R30
                 	MOV  R@1,R31
                 	.ENDM
                 
                 	.MACRO __PUTW2R
                 	MOV  R@0,R26
                 	MOV  R@1,R27
                 	.ENDM
                 
                 	.MACRO __ADDWRN
                 	SUBI R@0,LOW(-@2)
                 	SBCI R@1,HIGH(-@2)
                 	.ENDM
                 
                 	.MACRO __ADDWRR
                 	ADD  R@0,R@2
                 	ADC  R@1,R@3
                 	.ENDM
                 
                 	.MACRO __SUBWRN
                 	SUBI R@0,LOW(@2)
                 	SBCI R@1,HIGH(@2)
                 	.ENDM
                 
                 	.MACRO __SUBWRR
                 	SUB  R@0,R@2
                 	SBC  R@1,R@3
                 	.ENDM
                 
                 	.MACRO __ANDWRN
                 	ANDI R@0,LOW(@2)
                 	ANDI R@1,HIGH(@2)
                 	.ENDM
                 
                 	.MACRO __ANDWRR
                 	AND  R@0,R@2
                 	AND  R@1,R@3
                 	.ENDM
                 
                 	.MACRO __ORWRN
                 	ORI  R@0,LOW(@2)
                 	ORI  R@1,HIGH(@2)
                 	.ENDM
                 
                 	.MACRO __ORWRR
                 	OR   R@0,R@2
                 	OR   R@1,R@3
                 	.ENDM
                 
                 	.MACRO __EORWRR
                 	EOR  R@0,R@2
                 	EOR  R@1,R@3
                 	.ENDM
                 
                 	.MACRO __GETWRS
                 	LDD  R@0,Y+@2
                 	LDD  R@1,Y+@2+1
                 	.ENDM
                 
                 	.MACRO __PUTBSR
                 	STD  Y+@1,R@0
                 	.ENDM
                 
                 	.MACRO __PUTWSR
                 	STD  Y+@2,R@0
                 	STD  Y+@2+1,R@1
                 	.ENDM
                 
                 	.MACRO __MOVEWRR
                 	MOV  R@0,R@2
                 	MOV  R@1,R@3
                 	.ENDM
                 
                 	.MACRO __INWR
                 	IN   R@0,@2
                 	IN   R@1,@2+1
                 	.ENDM
                 
                 	.MACRO __OUTWR
                 	OUT  @2+1,R@1
                 	OUT  @2,R@0
                 	.ENDM
                 
                 	.MACRO __CALL1MN
                 	LDS  R30,@0+(@1)
                 	LDS  R31,@0+(@1)+1
                 	ICALL
                 	.ENDM
                 
                 	.MACRO __CALL1FN
                 	LDI  R30,LOW(2*@0+(@1))
                 	LDI  R31,HIGH(2*@0+(@1))
                 	CALL __GETW1PF
                 	ICALL
                 	.ENDM
                 
                 	.MACRO __CALL2EN
                 	LDI  R26,LOW(@0+(@1))
                 	LDI  R27,HIGH(@0+(@1))
                 	CALL __EEPROMRDW
                 	ICALL
                 	.ENDM
                 
                 	.MACRO __GETW1STACK
                 	IN   R26,SPL
                 	IN   R27,SPH
                 	ADIW R26,@0+1
                 	LD   R30,X+
                 	LD   R31,X
                 	.ENDM
                 
                 	.MACRO __GETD1STACK
                 	IN   R26,SPL
                 	IN   R27,SPH
                 	ADIW R26,@0+1
                 	LD   R30,X+
                 	LD   R31,X+
                 	LD   R22,X
                 	.ENDM
                 
                 	.MACRO __NBST
                 	BST  R@0,@1
                 	IN   R30,SREG
                 	LDI  R31,0x40
                 	EOR  R30,R31
                 	OUT  SREG,R30
                 	.ENDM
                 
                 
                 	.MACRO __PUTB1SN
                 	LDD  R26,Y+@0
                 	LDD  R27,Y+@0+1
                 	SUBI R26,LOW(-@1)
                 	SBCI R27,HIGH(-@1)
                 	ST   X,R30
                 	.ENDM
                 
                 	.MACRO __PUTW1SN
                 	LDD  R26,Y+@0
                 	LDD  R27,Y+@0+1
                 	SUBI R26,LOW(-@1)
                 	SBCI R27,HIGH(-@1)
                 	ST   X+,R30
                 	ST   X,R31
                 	.ENDM
                 
                 	.MACRO __PUTD1SN
                 	LDD  R26,Y+@0
                 	LDD  R27,Y+@0+1
                 	SUBI R26,LOW(-@1)
                 	SBCI R27,HIGH(-@1)
                 	CALL __PUTDP1
                 	.ENDM
                 
                 	.MACRO __PUTB1SNS
                 	LDD  R26,Y+@0
                 	LDD  R27,Y+@0+1
                 	ADIW R26,@1
                 	ST   X,R30
                 	.ENDM
                 
                 	.MACRO __PUTW1SNS
                 	LDD  R26,Y+@0
                 	LDD  R27,Y+@0+1
                 	ADIW R26,@1
                 	ST   X+,R30
                 	ST   X,R31
                 	.ENDM
                 
                 	.MACRO __PUTD1SNS
                 	LDD  R26,Y+@0
                 	LDD  R27,Y+@0+1
                 	ADIW R26,@1
                 	CALL __PUTDP1
                 	.ENDM
                 
                 	.MACRO __PUTB1PMN
                 	LDS  R26,@0
                 	LDS  R27,@0+1
                 	SUBI R26,LOW(-@1)
                 	SBCI R27,HIGH(-@1)
                 	ST   X,R30
                 	.ENDM
                 
                 	.MACRO __PUTW1PMN
                 	LDS  R26,@0
                 	LDS  R27,@0+1
                 	SUBI R26,LOW(-@1)
                 	SBCI R27,HIGH(-@1)
                 	ST   X+,R30
                 	ST   X,R31
                 	.ENDM
                 
                 	.MACRO __PUTD1PMN
                 	LDS  R26,@0
                 	LDS  R27,@0+1
                 	SUBI R26,LOW(-@1)
                 	SBCI R27,HIGH(-@1)
                 	CALL __PUTDP1
                 	.ENDM
                 
                 	.MACRO __PUTB1PMNS
                 	LDS  R26,@0
                 	LDS  R27,@0+1
                 	ADIW R26,@1
                 	ST   X,R30
                 	.ENDM
                 
                 	.MACRO __PUTW1PMNS
                 	LDS  R26,@0
                 	LDS  R27,@0+1
                 	ADIW R26,@1
                 	ST   X+,R30
                 	ST   X,R31
                 	.ENDM
                 
                 	.MACRO __PUTD1PMNS
                 	LDS  R26,@0
                 	LDS  R27,@0+1
                 	ADIW R26,@1
                 	CALL __PUTDP1
                 	.ENDM
                 
                 	.MACRO __PUTB1RN
                 	MOVW R26,R@0
                 	SUBI R26,LOW(-@1)
                 	SBCI R27,HIGH(-@1)
                 	ST   X,R30
                 	.ENDM
                 
                 	.MACRO __PUTW1RN
                 	MOVW R26,R@0
                 	SUBI R26,LOW(-@1)
                 	SBCI R27,HIGH(-@1)
                 	ST   X+,R30
                 	ST   X,R31
                 	.ENDM
                 
                 	.MACRO __PUTD1RN
                 	MOVW R26,R@0
                 	SUBI R26,LOW(-@1)
                 	SBCI R27,HIGH(-@1)
                 	CALL __PUTDP1
                 	.ENDM
                 
                 	.MACRO __PUTB1RNS
                 	MOVW R26,R@0
                 	ADIW R26,@1
                 	ST   X,R30
                 	.ENDM
                 
                 	.MACRO __PUTW1RNS
                 	MOVW R26,R@0
                 	ADIW R26,@1
                 	ST   X+,R30
                 	ST   X,R31
                 	.ENDM
                 
                 	.MACRO __PUTD1RNS
                 	MOVW R26,R@0
                 	ADIW R26,@1
                 	CALL __PUTDP1
                 	.ENDM
                 
                 	.MACRO __PUTB1RON
                 	MOV  R26,R@0
                 	MOV  R27,R@1
                 	SUBI R26,LOW(-@2)
                 	SBCI R27,HIGH(-@2)
                 	ST   X,R30
                 	.ENDM
                 
                 	.MACRO __PUTW1RON
                 	MOV  R26,R@0
                 	MOV  R27,R@1
                 	SUBI R26,LOW(-@2)
                 	SBCI R27,HIGH(-@2)
                 	ST   X+,R30
                 	ST   X,R31
                 	.ENDM
                 
                 	.MACRO __PUTD1RON
                 	MOV  R26,R@0
                 	MOV  R27,R@1
                 	SUBI R26,LOW(-@2)
                 	SBCI R27,HIGH(-@2)
                 	CALL __PUTDP1
                 	.ENDM
                 
                 	.MACRO __PUTB1RONS
                 	MOV  R26,R@0
                 	MOV  R27,R@1
                 	ADIW R26,@2
                 	ST   X,R30
                 	.ENDM
                 
                 	.MACRO __PUTW1RONS
                 	MOV  R26,R@0
                 	MOV  R27,R@1
                 	ADIW R26,@2
                 	ST   X+,R30
                 	ST   X,R31
                 	.ENDM
                 
                 	.MACRO __PUTD1RONS
                 	MOV  R26,R@0
                 	MOV  R27,R@1
                 	ADIW R26,@2
                 	CALL __PUTDP1
                 	.ENDM
                 
                 
                 	.MACRO __GETB1SX
                 	MOVW R30,R28
                 	SUBI R30,LOW(-@0)
                 	SBCI R31,HIGH(-@0)
                 	LD   R30,Z
                 	.ENDM
                 
                 	.MACRO __GETB1HSX
                 	MOVW R30,R28
                 	SUBI R30,LOW(-@0)
                 	SBCI R31,HIGH(-@0)
                 	LD   R31,Z
                 	.ENDM
                 
                 	.MACRO __GETW1SX
                 	MOVW R30,R28
                 	SUBI R30,LOW(-@0)
                 	SBCI R31,HIGH(-@0)
                 	LD   R0,Z+
                 	LD   R31,Z
                 	MOV  R30,R0
                 	.ENDM
                 
                 	.MACRO __GETD1SX
                 	MOVW R30,R28
                 	SUBI R30,LOW(-@0)
                 	SBCI R31,HIGH(-@0)
                 	LD   R0,Z+
                 	LD   R1,Z+
                 	LD   R22,Z+
                 	LD   R23,Z
                 	MOVW R30,R0
                 	.ENDM
                 
                 	.MACRO __GETB2SX
                 	MOVW R26,R28
                 	SUBI R26,LOW(-@0)
                 	SBCI R27,HIGH(-@0)
                 	LD   R26,X
                 	.ENDM
                 
                 	.MACRO __GETW2SX
                 	MOVW R26,R28
                 	SUBI R26,LOW(-@0)
                 	SBCI R27,HIGH(-@0)
                 	LD   R0,X+
                 	LD   R27,X
                 	MOV  R26,R0
                 	.ENDM
                 
                 	.MACRO __GETD2SX
                 	MOVW R26,R28
                 	SUBI R26,LOW(-@0)
                 	SBCI R27,HIGH(-@0)
                 	LD   R0,X+
                 	LD   R1,X+
                 	LD   R24,X+
                 	LD   R25,X
                 	MOVW R26,R0
                 	.ENDM
                 
                 	.MACRO __GETBRSX
                 	MOVW R30,R28
                 	SUBI R30,LOW(-@1)
                 	SBCI R31,HIGH(-@1)
                 	LD   R@0,Z
                 	.ENDM
                 
                 	.MACRO __GETWRSX
                 	MOVW R30,R28
                 	SUBI R30,LOW(-@2)
                 	SBCI R31,HIGH(-@2)
                 	LD   R@0,Z+
                 	LD   R@1,Z
                 	.ENDM
                 
                 	.MACRO __GETBRSX2
                 	MOVW R26,R28
                 	SUBI R26,LOW(-@1)
                 	SBCI R27,HIGH(-@1)
                 	LD   R@0,X
                 	.ENDM
                 
                 	.MACRO __GETWRSX2
                 	MOVW R26,R28
                 	SUBI R26,LOW(-@2)
                 	SBCI R27,HIGH(-@2)
                 	LD   R@0,X+
                 	LD   R@1,X
                 	.ENDM
                 
                 	.MACRO __LSLW8SX
                 	MOVW R30,R28
                 	SUBI R30,LOW(-@0)
                 	SBCI R31,HIGH(-@0)
                 	LD   R31,Z
                 	CLR  R30
                 	.ENDM
                 
                 	.MACRO __PUTB1SX
                 	MOVW R26,R28
                 	SUBI R26,LOW(-@0)
                 	SBCI R27,HIGH(-@0)
                 	ST   X,R30
                 	.ENDM
                 
                 	.MACRO __PUTW1SX
                 	MOVW R26,R28
                 	SUBI R26,LOW(-@0)
                 	SBCI R27,HIGH(-@0)
                 	ST   X+,R30
                 	ST   X,R31
                 	.ENDM
                 
                 	.MACRO __PUTD1SX
                 	MOVW R26,R28
                 	SUBI R26,LOW(-@0)
                 	SBCI R27,HIGH(-@0)
                 	ST   X+,R30
                 	ST   X+,R31
                 	ST   X+,R22
                 	ST   X,R23
                 	.ENDM
                 
                 	.MACRO __CLRW1SX
                 	MOVW R26,R28
                 	SUBI R26,LOW(-@0)
                 	SBCI R27,HIGH(-@0)
                 	ST   X+,R30
                 	ST   X,R30
                 	.ENDM
                 
                 	.MACRO __CLRD1SX
                 	MOVW R26,R28
                 	SUBI R26,LOW(-@0)
                 	SBCI R27,HIGH(-@0)
                 	ST   X+,R30
                 	ST   X+,R30
                 	ST   X+,R30
                 	ST   X,R30
                 	.ENDM
                 
                 	.MACRO __PUTB2SX
                 	MOVW R30,R28
                 	SUBI R30,LOW(-@0)
                 	SBCI R31,HIGH(-@0)
                 	ST   Z,R26
                 	.ENDM
                 
                 	.MACRO __PUTW2SX
                 	MOVW R30,R28
                 	SUBI R30,LOW(-@0)
                 	SBCI R31,HIGH(-@0)
                 	ST   Z+,R26
                 	ST   Z,R27
                 	.ENDM
                 
                 	.MACRO __PUTD2SX
                 	MOVW R30,R28
                 	SUBI R30,LOW(-@0)
                 	SBCI R31,HIGH(-@0)
                 	ST   Z+,R26
                 	ST   Z+,R27
                 	ST   Z+,R24
                 	ST   Z,R25
                 	.ENDM
                 
                 	.MACRO __PUTBSRX
                 	MOVW R30,R28
                 	SUBI R30,LOW(-@1)
                 	SBCI R31,HIGH(-@1)
                 	ST   Z,R@0
                 	.ENDM
                 
                 	.MACRO __PUTWSRX
                 	MOVW R30,R28
                 	SUBI R30,LOW(-@2)
                 	SBCI R31,HIGH(-@2)
                 	ST   Z+,R@0
                 	ST   Z,R@1
                 	.ENDM
                 
                 	.MACRO __PUTB1SNX
                 	MOVW R26,R28
                 	SUBI R26,LOW(-@0)
                 	SBCI R27,HIGH(-@0)
                 	LD   R0,X+
                 	LD   R27,X
                 	MOV  R26,R0
                 	SUBI R26,LOW(-@1)
                 	SBCI R27,HIGH(-@1)
                 	ST   X,R30
                 	.ENDM
                 
                 	.MACRO __PUTW1SNX
                 	MOVW R26,R28
                 	SUBI R26,LOW(-@0)
                 	SBCI R27,HIGH(-@0)
                 	LD   R0,X+
                 	LD   R27,X
                 	MOV  R26,R0
                 	SUBI R26,LOW(-@1)
                 	SBCI R27,HIGH(-@1)
                 	ST   X+,R30
                 	ST   X,R31
                 	.ENDM
                 
                 	.MACRO __PUTD1SNX
                 	MOVW R26,R28
                 	SUBI R26,LOW(-@0)
                 	SBCI R27,HIGH(-@0)
                 	LD   R0,X+
                 	LD   R27,X
                 	MOV  R26,R0
                 	SUBI R26,LOW(-@1)
                 	SBCI R27,HIGH(-@1)
                 	ST   X+,R30
                 	ST   X+,R31
                 	ST   X+,R22
                 	ST   X,R23
                 	.ENDM
                 
                 	.MACRO __MULBRR
                 	MULS R@0,R@1
                 	MOVW R30,R0
                 	.ENDM
                 
                 	.MACRO __MULBRRU
                 	MUL  R@0,R@1
                 	MOVW R30,R0
                 	.ENDM
                 
                 	.MACRO __MULBRR0
                 	MULS R@0,R@1
                 	.ENDM
                 
                 	.MACRO __MULBRRU0
                 	MUL  R@0,R@1
                 	.ENDM
                 
                 	.MACRO __MULBNWRU
                 	LDI  R26,@2
                 	MUL  R26,R@0
                 	MOVW R30,R0
                 	MUL  R26,R@1
                 	ADD  R31,R0
                 	.ENDM
                 
                 ;NAME DEFINITIONS FOR GLOBAL VARIABLES ALLOCATED TO REGISTERS
                 	.DEF __lcd_x=R5
                 	.DEF __lcd_y=R4
                 	.DEF __lcd_maxx=R7
                 
                 	.CSEG
                 	.ORG 0x00
                 
                 ;START OF CODE MARKER
                 __START_OF_CODE:
                 
                 ;INTERRUPT VECTORS
000000 940c 003e 	JMP  __RESET
000002 940c 0000 	JMP  0x00
000004 940c 0000 	JMP  0x00
000006 940c 0000 	JMP  0x00
000008 940c 0000 	JMP  0x00
00000a 940c 0000 	JMP  0x00
00000c 940c 0000 	JMP  0x00
00000e 940c 0000 	JMP  0x00
000010 940c 0000 	JMP  0x00
000012 940c 0000 	JMP  0x00
000014 940c 0000 	JMP  0x00
000016 940c 0000 	JMP  0x00
000018 940c 0000 	JMP  0x00
00001a 940c 0000 	JMP  0x00
00001c 940c 0000 	JMP  0x00
00001e 940c 0000 	JMP  0x00
000020 940c 0000 	JMP  0x00
000022 940c 0000 	JMP  0x00
000024 940c 0000 	JMP  0x00
000026 940c 0000 	JMP  0x00
000028 940c 0000 	JMP  0x00
                 
                 _tbl10_G100:
00002a 2710
00002b 03e8
00002c 0064
00002d 000a      	.DB  0x10,0x27,0xE8,0x3,0x64,0x0,0xA,0x0
00002e 0001      	.DB  0x1,0x0
                 _tbl16_G100:
00002f 1000
000030 0100
000031 0010
000032 0001      	.DB  0x0,0x10,0x0,0x1,0x10,0x0,0x1,0x0
                 
                 _0x0:
000033 3d6d
000034 7525
000035 0020
000036 3d76      	.DB  0x6D,0x3D,0x25,0x75,0x20,0x0,0x76,0x3D
000037 7525
000038 0020      	.DB  0x25,0x75,0x20,0x0
                 _0x2020003:
000039 c080      	.DB  0x80,0xC0
                 
                 __GLOBAL_INI_TBL:
00003a 0002      	.DW  0x02
00003b 0260      	.DW  __base_y_G101
00003c 0072      	.DW  _0x2020003*2
                 
                 _0xFFFFFFFF:
00003d 0000      	.DW  0
                 
                 __RESET:
00003e 94f8      	CLI
00003f 27ee      	CLR  R30
000040 bbec      	OUT  EECR,R30
                 
                 ;INTERRUPT VECTORS ARE PLACED
                 ;AT THE START OF FLASH
000041 e0f1      	LDI  R31,1
000042 bffb      	OUT  GICR,R31
000043 bfeb      	OUT  GICR,R30
000044 bfe5      	OUT  MCUCR,R30
                 
                 ;DISABLE WATCHDOG
000045 e1f8      	LDI  R31,0x18
000046 bdf1      	OUT  WDTCR,R31
000047 bde1      	OUT  WDTCR,R30
                 
                 ;CLEAR R2-R14
000048 e08d      	LDI  R24,(14-2)+1
000049 e0a2      	LDI  R26,2
00004a 27bb      	CLR  R27
                 __CLEAR_REG:
00004b 93ed      	ST   X+,R30
00004c 958a      	DEC  R24
00004d f7e9      	BRNE __CLEAR_REG
                 
                 ;CLEAR SRAM
00004e e080      	LDI  R24,LOW(__CLEAR_SRAM_SIZE)
00004f e098      	LDI  R25,HIGH(__CLEAR_SRAM_SIZE)
000050 e6a0      	LDI  R26,__SRAM_START
                 __CLEAR_SRAM:
000051 93ed      	ST   X+,R30
000052 9701      	SBIW R24,1
000053 f7e9      	BRNE __CLEAR_SRAM
                 
                 ;GLOBAL VARIABLES INITIALIZATION
000054 e7e4      	LDI  R30,LOW(__GLOBAL_INI_TBL*2)
000055 e0f0      	LDI  R31,HIGH(__GLOBAL_INI_TBL*2)
                 __GLOBAL_INI_NEXT:
000056 9185      	LPM  R24,Z+
000057 9195      	LPM  R25,Z+
000058 9700      	SBIW R24,0
000059 f061      	BREQ __GLOBAL_INI_END
00005a 91a5      	LPM  R26,Z+
00005b 91b5      	LPM  R27,Z+
00005c 9005      	LPM  R0,Z+
00005d 9015      	LPM  R1,Z+
00005e 01bf      	MOVW R22,R30
00005f 01f0      	MOVW R30,R0
                 __GLOBAL_INI_LOOP:
000060 9005      	LPM  R0,Z+
000061 920d      	ST   X+,R0
000062 9701      	SBIW R24,1
000063 f7e1      	BRNE __GLOBAL_INI_LOOP
000064 01fb      	MOVW R30,R22
000065 cff0      	RJMP __GLOBAL_INI_NEXT
                 __GLOBAL_INI_END:
                 
                 ;HARDWARE STACK POINTER INITIALIZATION
000066 e5ef      	LDI  R30,LOW(__SRAM_END-__HEAP_SIZE)
000067 bfed      	OUT  SPL,R30
000068 e0e8      	LDI  R30,HIGH(__SRAM_END-__HEAP_SIZE)
000069 bfee      	OUT  SPH,R30
                 
                 ;DATA STACK POINTER INITIALIZATION
00006a e6c0      	LDI  R28,LOW(__SRAM_START+__DSTACK_SIZE)
00006b e0d2      	LDI  R29,HIGH(__SRAM_START+__DSTACK_SIZE)
                 
00006c 940c 007d 	JMP  _main
                 
                 	.ESEG
                 	.ORG 0
                 
                 	.DSEG
                 	.ORG 0x260
                 
                 	.CSEG
                 ;/*****************************************************
                 ;This program was produced by the
                 ;CodeWizardAVR V2.05.3 Standard
                 ;Automatic Program Generator
                 ;© Copyright 1998-2011 Pavel Haiduc, HP InfoTech s.r.l.
                 ;http://www.hpinfotech.com
                 ;
                 ;Project :
                 ;Version :
                 ;Date    : 3/9/2015
                 ;Author  : MEM
                 ;Company :
                 ;Comments:
                 ;
                 ;
                 ;Chip type               : ATmega32
                 ;Program type            : Application
                 ;AVR Core Clock frequency: 16.000000 MHz
                 ;Memory model            : Small
                 ;External RAM size       : 0
                 ;Data Stack size         : 512
                 ;*****************************************************/
                 ;
                 ;#include <mega32.h>
                 	#ifndef __SLEEP_DEFINED__
                 	#define __SLEEP_DEFINED__
                 	.EQU __se_bit=0x80
                 	.EQU __sm_mask=0x70
                 	.EQU __sm_powerdown=0x20
                 	.EQU __sm_powersave=0x30
                 	.EQU __sm_standby=0x60
                 	.EQU __sm_ext_standby=0x70
                 	.EQU __sm_adc_noise_red=0x10
                 	.SET power_ctrl_reg=mcucr
                 	#endif
                 ;
                 ;#include <delay.h>
                 ;#include <stdio.h>
                 ;// Alphanumeric LCD functions
                 ;#include <alcd.h>
                 ;
                 ;#define ADC_VREF_TYPE 0x40
                 ;
                 ;// Read the AD conversion result
                 ;unsigned int read_adc(unsigned char adc_input)
                 ; 0000 0023 {
                 
                 	.CSEG
                 _read_adc:
                 ; 0000 0024 ADMUX=adc_input | (ADC_VREF_TYPE & 0xff);
00006e 93aa      	ST   -Y,R26
                 ;	adc_input -> Y+0
00006f 81e8      	LD   R30,Y
000070 64e0      	ORI  R30,0x40
000071 b9e7      	OUT  0x7,R30
                 ; 0000 0025 // Delay needed for the stabilization of the ADC input voltage
                 ; 0000 0026 delay_us(10);
                +
000072 e385     +LDI R24 , LOW ( 53 )
                +__DELAY_USB_LOOP :
000073 958a     +DEC R24
000074 f7f1     +BRNE __DELAY_USB_LOOP
                 	__DELAY_USB 53
                 ; 0000 0027 // Start the AD conversion
                 ; 0000 0028 ADCSRA|=0x40;
000075 9a36      	SBI  0x6,6
                 ; 0000 0029 // Wait for the AD conversion to complete
                 ; 0000 002A while ((ADCSRA & 0x10)==0);
                 _0x3:
000076 9b34      	SBIS 0x6,4
000077 cffe      	RJMP _0x3
                 ; 0000 002B ADCSRA|=0x10;
000078 9a34      	SBI  0x6,4
                 ; 0000 002C return ADCW;
000079 b1e4      	IN   R30,0x4
00007a b1f5      	IN   R31,0x4+1
00007b 940c 031a 	JMP  _0x2080001
                 ; 0000 002D }
                 ;
                 ;// Declare your global variables here
                 ;
                 ;void main(void)
                 ; 0000 0032 {
                 _main:
                 ; 0000 0033  char lcdi[10],lcdj[10];
                 ; 0000 0034 unsigned int i;
                 ; 0000 0035 unsigned int j;
                 ; 0000 0036 PORTA=0x00;
00007d 9764      	SBIW R28,20
                 ;	lcdi -> Y+10
                 ;	lcdj -> Y+0
                 ;	i -> R16,R17
                 ;	j -> R18,R19
00007e e0e0      	LDI  R30,LOW(0)
00007f bbeb      	OUT  0x1B,R30
                 ; 0000 0037 DDRA=0x00;
000080 bbea      	OUT  0x1A,R30
                 ; 0000 0038 PORTB=0x00;
000081 bbe8      	OUT  0x18,R30
                 ; 0000 0039 DDRB=0xff;
000082 efef      	LDI  R30,LOW(255)
000083 bbe7      	OUT  0x17,R30
                 ; 0000 003A PORTC=0x00;
000084 e0e0      	LDI  R30,LOW(0)
000085 bbe5      	OUT  0x15,R30
                 ; 0000 003B DDRC=0x00;
000086 bbe4      	OUT  0x14,R30
                 ; 0000 003C PORTD=0x00;
000087 bbe2      	OUT  0x12,R30
                 ; 0000 003D DDRD=0xff;
000088 efef      	LDI  R30,LOW(255)
000089 bbe1      	OUT  0x11,R30
                 ; 0000 003E 
                 ; 0000 003F // Timer/Counter 1 initialization
                 ; 0000 0040 // Clock source: System Clock
                 ; 0000 0041 // Clock value: 2000.000 kHz
                 ; 0000 0042 // Mode: Ph. & fr. cor. PWM top=ICR1
                 ; 0000 0043 // OC1A output: Non-Inv.
                 ; 0000 0044 // OC1B output: Discon.
                 ; 0000 0045 // Noise Canceler: Off
                 ; 0000 0046 // Input Capture on Falling Edge
                 ; 0000 0047 TCCR1A=0x80;
00008a e8e0      	LDI  R30,LOW(128)
00008b bdef      	OUT  0x2F,R30
                 ; 0000 0048 TCCR1B=0x12;
00008c e1e2      	LDI  R30,LOW(18)
00008d bdee      	OUT  0x2E,R30
                 ; 0000 0049 TCNT1H=0x00;
00008e e0e0      	LDI  R30,LOW(0)
00008f bded      	OUT  0x2D,R30
                 ; 0000 004A TCNT1L=0x00;
000090 bdec      	OUT  0x2C,R30
                 ; 0000 004B ICR1H=0x4E;
000091 e4ee      	LDI  R30,LOW(78)
000092 bde7      	OUT  0x27,R30
                 ; 0000 004C ICR1L=0x20;
000093 e2e0      	LDI  R30,LOW(32)
000094 bde6      	OUT  0x26,R30
                 ; 0000 004D OCR1A=1000;
000095 eee8      	LDI  R30,LOW(1000)
000096 e0f3      	LDI  R31,HIGH(1000)
000097 bdfb      	OUT  0x2A+1,R31
000098 bdea      	OUT  0x2A,R30
                 ; 0000 004E 
                 ; 0000 004F // ADC initialization
                 ; 0000 0050 // ADC Clock frequency: 1000.000 kHz
                 ; 0000 0051 // ADC Voltage Reference: AVCC pin
                 ; 0000 0052 ADMUX=ADC_VREF_TYPE & 0xff;
000099 e4e0      	LDI  R30,LOW(64)
00009a b9e7      	OUT  0x7,R30
                 ; 0000 0053 ADCSRA=0x84;
00009b e8e4      	LDI  R30,LOW(132)
00009c b9e6      	OUT  0x6,R30
                 ; 0000 0054 
                 ; 0000 0055 
                 ; 0000 0056 
                 ; 0000 0057 // Alphanumeric LCD initialization
                 ; 0000 0058 // Connections are specified in the
                 ; 0000 0059 // Project|Configure|C Compiler|Libraries|Alphanumeric LCD menu:
                 ; 0000 005A // RS - PORTB Bit 0
                 ; 0000 005B // RD - PORTB Bit 1
                 ; 0000 005C // EN - PORTB Bit 2
                 ; 0000 005D // D4 - PORTB Bit 4
                 ; 0000 005E // D5 - PORTB Bit 5
                 ; 0000 005F // D6 - PORTB Bit 6
                 ; 0000 0060 // D7 - PORTB Bit 7
                 ; 0000 0061 // Characters/line: 16
                 ; 0000 0062 lcd_init(16);
00009d e1a0      	LDI  R26,LOW(16)
00009e 940e 02ef 	CALL _lcd_init
                 ; 0000 0063 
                 ; 0000 0064 while (1)
                 _0x6:
                 ; 0000 0065       {
                 ; 0000 0066 
                 ; 0000 0067       i=read_adc(0);
0000a0 e0a0      	LDI  R26,LOW(0)
0000a1 dfcc      	RCALL _read_adc
0000a2 018f      	MOVW R16,R30
                 ; 0000 0068       j=i*3;
                +
0000a3 e0a3     +LDI R26 , 3
0000a4 9fa0     +MUL R26 , R16
0000a5 01f0     +MOVW R30 , R0
0000a6 9fa1     +MUL R26 , R17
0000a7 0df0     +ADD R31 , R0
                 	__MULBNWRU 16,17,3
0000a8 019f      	MOVW R18,R30
                 ; 0000 0069       if (j<500)
                +
0000a9 3f24     +CPI R18 , LOW ( 500 )
0000aa e0e1     +LDI R30 , HIGH ( 500 )
0000ab 073e     +CPC R19 , R30
                 	__CPWRN 18,19,500
0000ac f410      	BRSH _0x9
                 ; 0000 006A       j=500;
                +
0000ad ef24     +LDI R18 , LOW ( 500 )
0000ae e031     +LDI R19 , HIGH ( 500 )
                 	__GETWRN 18,19,500
                 ; 0000 006B       if (j>2400)
                 _0x9:
                +
0000af 3621     +CPI R18 , LOW ( 2401 )
0000b0 e0e9     +LDI R30 , HIGH ( 2401 )
0000b1 073e     +CPC R19 , R30
                 	__CPWRN 18,19,2401
0000b2 f010      	BRLO _0xA
                 ; 0000 006C       j=2400;
                +
0000b3 e620     +LDI R18 , LOW ( 2400 )
0000b4 e039     +LDI R19 , HIGH ( 2400 )
                 	__GETWRN 18,19,2400
                 ; 0000 006D       OCR1A=j;
                 _0xA:
                +
0000b5 bd3b     +OUT 42 + 1 , R19
0000b6 bd2a     +OUT 42 , R18
                 	__OUTWR 18,19,42
                 ; 0000 006E       sprintf(lcdj,"m=%u ",j);
0000b7 01fe      	MOVW R30,R28
0000b8 93fa      	ST   -Y,R31
0000b9 93ea      	ST   -Y,R30
                +
0000ba e6e6     +LDI R30 , LOW ( 2 * _0x0 + ( 0 ) )
0000bb e0f0     +LDI R31 , HIGH ( 2 * _0x0 + ( 0 ) )
                 	__POINTW1FN _0x0,0
0000bc 93fa      	ST   -Y,R31
0000bd 93ea      	ST   -Y,R30
0000be 01f9      	MOVW R30,R18
0000bf 940e 0335 	CALL SUBOPT_0x0
                 ; 0000 006F        //OCR1A=i;
                 ; 0000 0070        lcd_gotoxy(0,0);
0000c1 e0a0      	LDI  R26,LOW(0)
0000c2 940e 02ac 	CALL _lcd_gotoxy
                 ; 0000 0071        lcd_puts(lcdj);
0000c4 01de      	MOVW R26,R28
0000c5 940e 02de 	CALL _lcd_puts
                 ; 0000 0072        sprintf(lcdi,"v=%u ",i);
0000c7 01fe      	MOVW R30,R28
0000c8 963a      	ADIW R30,10
0000c9 93fa      	ST   -Y,R31
0000ca 93ea      	ST   -Y,R30
                +
0000cb e6ec     +LDI R30 , LOW ( 2 * _0x0 + ( 6 ) )
0000cc e0f0     +LDI R31 , HIGH ( 2 * _0x0 + ( 6 ) )
                 	__POINTW1FN _0x0,6
0000cd 93fa      	ST   -Y,R31
0000ce 93ea      	ST   -Y,R30
0000cf 01f8      	MOVW R30,R16
0000d0 940e 0335 	CALL SUBOPT_0x0
                 ; 0000 0073        //OCR1A=i;
                 ; 0000 0074        lcd_gotoxy(0,1);
0000d2 e0a1      	LDI  R26,LOW(1)
0000d3 940e 02ac 	CALL _lcd_gotoxy
                 ; 0000 0075        lcd_puts(lcdi);
0000d5 01de      	MOVW R26,R28
0000d6 961a      	ADIW R26,10
0000d7 940e 02de 	CALL _lcd_puts
                 ; 0000 0076        lcd_clear();
0000d9 940e 02b9 	CALL _lcd_clear
                 ; 0000 0077        delay_ms(1);
0000db e0a1      	LDI  R26,LOW(1)
0000dc 940e 0340 	CALL SUBOPT_0x1
                 ; 0000 0078       }
0000de cfc1      	RJMP _0x6
                 ; 0000 0079 }
                 _0xB:
0000df cfff      	RJMP _0xB
                 	#ifndef __SLEEP_DEFINED__
                 	#endif
                 
                 	.CSEG
                 _put_buff_G100:
0000e0 93ba      	ST   -Y,R27
0000e1 93aa      	ST   -Y,R26
0000e2 931a      	ST   -Y,R17
0000e3 930a      	ST   -Y,R16
0000e4 81aa      	LDD  R26,Y+2
0000e5 81bb      	LDD  R27,Y+2+1
0000e6 9612      	ADIW R26,2
0000e7 940e 0389 	CALL __GETW1P
0000e9 9730      	SBIW R30,0
0000ea f159      	BREQ _0x2000010
0000eb 81aa      	LDD  R26,Y+2
0000ec 81bb      	LDD  R27,Y+2+1
0000ed 9614      	ADIW R26,4
0000ee 940e 0389 	CALL __GETW1P
0000f0 018f      	MOVW R16,R30
0000f1 9730      	SBIW R30,0
0000f2 f061      	BREQ _0x2000012
                +
0000f3 3002     +CPI R16 , LOW ( 2 )
0000f4 e0e0     +LDI R30 , HIGH ( 2 )
0000f5 071e     +CPC R17 , R30
                 	__CPWRN 16,17,2
0000f6 f0f0      	BRLO _0x2000013
0000f7 01f8      	MOVW R30,R16
0000f8 9731      	SBIW R30,1
0000f9 018f      	MOVW R16,R30
                +
0000fa 81aa     +LDD R26 , Y + 2
0000fb 81bb     +LDD R27 , Y + 2 + 1
0000fc 9614     +ADIW R26 , 4
0000fd 93ed     +ST X + , R30
0000fe 93fc     +ST X , R31
                 	__PUTW1SNS 2,4
                 _0x2000012:
0000ff 81aa      	LDD  R26,Y+2
000100 81bb      	LDD  R27,Y+2+1
000101 9612      	ADIW R26,2
000102 91ed      	LD   R30,X+
000103 91fd      	LD   R31,X+
000104 9631      	ADIW R30,1
000105 93fe      	ST   -X,R31
000106 93ee      	ST   -X,R30
000107 9731      	SBIW R30,1
000108 81ac      	LDD  R26,Y+4
000109 83a0      	STD  Z+0,R26
00010a 81aa      	LDD  R26,Y+2
00010b 81bb      	LDD  R27,Y+2+1
00010c 940e 0389 	CALL __GETW1P
00010e 23ff      	TST  R31
00010f f02a      	BRMI _0x2000014
000110 91ed      	LD   R30,X+
000111 91fd      	LD   R31,X+
000112 9631      	ADIW R30,1
000113 93fe      	ST   -X,R31
000114 93ee      	ST   -X,R30
                 _0x2000014:
                 _0x2000013:
000115 c006      	RJMP _0x2000015
                 _0x2000010:
000116 81aa      	LDD  R26,Y+2
000117 81bb      	LDD  R27,Y+2+1
000118 efef      	LDI  R30,LOW(65535)
000119 efff      	LDI  R31,HIGH(65535)
00011a 93ed      	ST   X+,R30
00011b 93fc      	ST   X,R31
                 _0x2000015:
00011c 8119      	LDD  R17,Y+1
00011d 8108      	LDD  R16,Y+0
00011e 9625      	ADIW R28,5
00011f 9508      	RET
                 __print_G100:
000120 93ba      	ST   -Y,R27
000121 93aa      	ST   -Y,R26
000122 9726      	SBIW R28,6
000123 940e 0396 	CALL __SAVELOCR6
000125 e010      	LDI  R17,0
000126 85ac      	LDD  R26,Y+12
000127 85bd      	LDD  R27,Y+12+1
000128 e0e0      	LDI  R30,LOW(0)
000129 e0f0      	LDI  R31,HIGH(0)
00012a 93ed      	ST   X+,R30
00012b 93fc      	ST   X,R31
                 _0x2000016:
00012c 89ea      	LDD  R30,Y+18
00012d 89fb      	LDD  R31,Y+18+1
00012e 9631      	ADIW R30,1
00012f 8bea      	STD  Y+18,R30
000130 8bfb      	STD  Y+18+1,R31
000131 9731      	SBIW R30,1
000132 91e4      	LPM  R30,Z
000133 2f2e      	MOV  R18,R30
000134 30e0      	CPI  R30,0
000135 f411      	BRNE PC+3
000136 940c 024f 	JMP _0x2000018
000138 2fe1      	MOV  R30,R17
000139 30e0      	CPI  R30,0
00013a f439      	BRNE _0x200001C
00013b 3225      	CPI  R18,37
00013c f411      	BRNE _0x200001D
00013d e011      	LDI  R17,LOW(1)
00013e c002      	RJMP _0x200001E
                 _0x200001D:
00013f 940e 0343 	CALL SUBOPT_0x2
                 _0x200001E:
000141 c10c      	RJMP _0x200001B
                 _0x200001C:
000142 30e1      	CPI  R30,LOW(0x1)
000143 f4a9      	BRNE _0x200001F
000144 3225      	CPI  R18,37
000145 f419      	BRNE _0x2000020
000146 940e 0343 	CALL SUBOPT_0x2
000148 c104      	RJMP _0x20000C9
                 _0x2000020:
000149 e012      	LDI  R17,LOW(2)
00014a e040      	LDI  R20,LOW(0)
00014b e000      	LDI  R16,LOW(0)
00014c 322d      	CPI  R18,45
00014d f411      	BRNE _0x2000021
00014e e001      	LDI  R16,LOW(1)
00014f c0fe      	RJMP _0x200001B
                 _0x2000021:
000150 322b      	CPI  R18,43
000151 f411      	BRNE _0x2000022
000152 e24b      	LDI  R20,LOW(43)
000153 c0fa      	RJMP _0x200001B
                 _0x2000022:
000154 3220      	CPI  R18,32
000155 f411      	BRNE _0x2000023
000156 e240      	LDI  R20,LOW(32)
000157 c0f6      	RJMP _0x200001B
                 _0x2000023:
000158 c002      	RJMP _0x2000024
                 _0x200001F:
000159 30e2      	CPI  R30,LOW(0x2)
00015a f439      	BRNE _0x2000025
                 _0x2000024:
00015b e050      	LDI  R21,LOW(0)
00015c e013      	LDI  R17,LOW(3)
00015d 3320      	CPI  R18,48
00015e f411      	BRNE _0x2000026
00015f 6800      	ORI  R16,LOW(128)
000160 c0ed      	RJMP _0x200001B
                 _0x2000026:
000161 c004      	RJMP _0x2000027
                 _0x2000025:
000162 30e3      	CPI  R30,LOW(0x3)
000163 f011      	BREQ PC+3
000164 940c 024e 	JMP _0x200001B
                 _0x2000027:
000166 3320      	CPI  R18,48
000167 f010      	BRLO _0x200002A
000168 332a      	CPI  R18,58
000169 f008      	BRLO _0x200002B
                 _0x200002A:
00016a c007      	RJMP _0x2000029
                 _0x200002B:
00016b e0aa      	LDI  R26,LOW(10)
00016c 9f5a      	MUL  R21,R26
00016d 2d50      	MOV  R21,R0
00016e 2fe2      	MOV  R30,R18
00016f 53e0      	SUBI R30,LOW(48)
000170 0f5e      	ADD  R21,R30
000171 c0dc      	RJMP _0x200001B
                 _0x2000029:
000172 2fe2      	MOV  R30,R18
000173 36e3      	CPI  R30,LOW(0x63)
000174 f449      	BRNE _0x200002F
000175 940e 034a 	CALL SUBOPT_0x3
000177 89e8      	LDD  R30,Y+16
000178 89f9      	LDD  R31,Y+16+1
000179 81a4      	LDD  R26,Z+4
00017a 93aa      	ST   -Y,R26
00017b 940e 0350 	CALL SUBOPT_0x4
00017d c0cf      	RJMP _0x2000030
                 _0x200002F:
00017e 37e3      	CPI  R30,LOW(0x73)
00017f f441      	BRNE _0x2000032
000180 940e 034a 	CALL SUBOPT_0x3
000182 940e 0356 	CALL SUBOPT_0x5
000184 940e 031c 	CALL _strlen
000186 2f1e      	MOV  R17,R30
000187 c00a      	RJMP _0x2000033
                 _0x2000032:
000188 37e0      	CPI  R30,LOW(0x70)
000189 f461      	BRNE _0x2000035
00018a 940e 034a 	CALL SUBOPT_0x3
00018c 940e 0356 	CALL SUBOPT_0x5
00018e 940e 0328 	CALL _strlenf
000190 2f1e      	MOV  R17,R30
000191 6008      	ORI  R16,LOW(8)
                 _0x2000033:
000192 6002      	ORI  R16,LOW(2)
000193 770f      	ANDI R16,LOW(127)
000194 e030      	LDI  R19,LOW(0)
000195 c035      	RJMP _0x2000036
                 _0x2000035:
000196 36e4      	CPI  R30,LOW(0x64)
000197 f011      	BREQ _0x2000039
000198 36e9      	CPI  R30,LOW(0x69)
000199 f411      	BRNE _0x200003A
                 _0x2000039:
00019a 6004      	ORI  R16,LOW(4)
00019b c002      	RJMP _0x200003B
                 _0x200003A:
00019c 37e5      	CPI  R30,LOW(0x75)
00019d f431      	BRNE _0x200003C
                 _0x200003B:
00019e e5e4      	LDI  R30,LOW(_tbl10_G100*2)
00019f e0f0      	LDI  R31,HIGH(_tbl10_G100*2)
0001a0 83ee      	STD  Y+6,R30
0001a1 83ff      	STD  Y+6+1,R31
0001a2 e015      	LDI  R17,LOW(5)
0001a3 c00d      	RJMP _0x200003D
                 _0x200003C:
0001a4 35e8      	CPI  R30,LOW(0x58)
0001a5 f411      	BRNE _0x200003F
0001a6 6008      	ORI  R16,LOW(8)
0001a7 c004      	RJMP _0x2000040
                 _0x200003F:
0001a8 37e8      	CPI  R30,LOW(0x78)
0001a9 f011      	BREQ PC+3
0001aa 940c 024d 	JMP _0x2000071
                 _0x2000040:
0001ac e5ee      	LDI  R30,LOW(_tbl16_G100*2)
0001ad e0f0      	LDI  R31,HIGH(_tbl16_G100*2)
0001ae 83ee      	STD  Y+6,R30
0001af 83ff      	STD  Y+6+1,R31
0001b0 e014      	LDI  R17,LOW(4)
                 _0x200003D:
0001b1 ff02      	SBRS R16,2
0001b2 c014      	RJMP _0x2000042
0001b3 940e 034a 	CALL SUBOPT_0x3
0001b5 940e 0360 	CALL SUBOPT_0x6
0001b7 85ab      	LDD  R26,Y+11
0001b8 23aa      	TST  R26
0001b9 f43a      	BRPL _0x2000043
0001ba 85ea      	LDD  R30,Y+10
0001bb 85fb      	LDD  R31,Y+10+1
0001bc 940e 0385 	CALL __ANEGW1
0001be 87ea      	STD  Y+10,R30
0001bf 87fb      	STD  Y+10+1,R31
0001c0 e24d      	LDI  R20,LOW(45)
                 _0x2000043:
0001c1 3040      	CPI  R20,0
0001c2 f011      	BREQ _0x2000044
0001c3 5f1f      	SUBI R17,-LOW(1)
0001c4 c001      	RJMP _0x2000045
                 _0x2000044:
0001c5 7f0b      	ANDI R16,LOW(251)
                 _0x2000045:
0001c6 c004      	RJMP _0x2000046
                 _0x2000042:
0001c7 940e 034a 	CALL SUBOPT_0x3
0001c9 940e 0360 	CALL SUBOPT_0x6
                 _0x2000046:
                 _0x2000036:
0001cb fd00      	SBRC R16,0
0001cc c011      	RJMP _0x2000047
                 _0x2000048:
0001cd 1715      	CP   R17,R21
0001ce f478      	BRSH _0x200004A
0001cf ff07      	SBRS R16,7
0001d0 c008      	RJMP _0x200004B
0001d1 ff02      	SBRS R16,2
0001d2 c004      	RJMP _0x200004C
0001d3 7f0b      	ANDI R16,LOW(251)
0001d4 2f24      	MOV  R18,R20
0001d5 5011      	SUBI R17,LOW(1)
0001d6 c001      	RJMP _0x200004D
                 _0x200004C:
0001d7 e320      	LDI  R18,LOW(48)
                 _0x200004D:
0001d8 c001      	RJMP _0x200004E
                 _0x200004B:
0001d9 e220      	LDI  R18,LOW(32)
                 _0x200004E:
0001da 940e 0343 	CALL SUBOPT_0x2
0001dc 5051      	SUBI R21,LOW(1)
0001dd cfef      	RJMP _0x2000048
                 _0x200004A:
                 _0x2000047:
0001de 2f31      	MOV  R19,R17
0001df ff01      	SBRS R16,1
0001e0 c017      	RJMP _0x200004F
                 _0x2000050:
0001e1 3030      	CPI  R19,0
0001e2 f0a1      	BREQ _0x2000052
0001e3 ff03      	SBRS R16,3
0001e4 c006      	RJMP _0x2000053
0001e5 81ee      	LDD  R30,Y+6
0001e6 81ff      	LDD  R31,Y+6+1
0001e7 9125      	LPM  R18,Z+
0001e8 83ee      	STD  Y+6,R30
0001e9 83ff      	STD  Y+6+1,R31
0001ea c005      	RJMP _0x2000054
                 _0x2000053:
0001eb 81ae      	LDD  R26,Y+6
0001ec 81bf      	LDD  R27,Y+6+1
0001ed 912d      	LD   R18,X+
0001ee 83ae      	STD  Y+6,R26
0001ef 83bf      	STD  Y+6+1,R27
                 _0x2000054:
0001f0 940e 0343 	CALL SUBOPT_0x2
0001f2 3050      	CPI  R21,0
0001f3 f009      	BREQ _0x2000055
0001f4 5051      	SUBI R21,LOW(1)
                 _0x2000055:
0001f5 5031      	SUBI R19,LOW(1)
0001f6 cfea      	RJMP _0x2000050
                 _0x2000052:
0001f7 c04b      	RJMP _0x2000056
                 _0x200004F:
                 _0x2000058:
0001f8 e320      	LDI  R18,LOW(48)
0001f9 81ee      	LDD  R30,Y+6
0001fa 81ff      	LDD  R31,Y+6+1
0001fb 940e 038d 	CALL __GETW1PF
0001fd 87e8      	STD  Y+8,R30
0001fe 87f9      	STD  Y+8+1,R31
0001ff 81ee      	LDD  R30,Y+6
000200 81ff      	LDD  R31,Y+6+1
000201 9632      	ADIW R30,2
000202 83ee      	STD  Y+6,R30
000203 83ff      	STD  Y+6+1,R31
                 _0x200005A:
000204 85e8      	LDD  R30,Y+8
000205 85f9      	LDD  R31,Y+8+1
000206 85aa      	LDD  R26,Y+10
000207 85bb      	LDD  R27,Y+10+1
000208 17ae      	CP   R26,R30
000209 07bf      	CPC  R27,R31
00020a f050      	BRLO _0x200005C
00020b 5f2f      	SUBI R18,-LOW(1)
00020c 85a8      	LDD  R26,Y+8
00020d 85b9      	LDD  R27,Y+8+1
00020e 85ea      	LDD  R30,Y+10
00020f 85fb      	LDD  R31,Y+10+1
000210 1bea      	SUB  R30,R26
000211 0bfb      	SBC  R31,R27
000212 87ea      	STD  Y+10,R30
000213 87fb      	STD  Y+10+1,R31
000214 cfef      	RJMP _0x200005A
                 _0x200005C:
000215 332a      	CPI  R18,58
000216 f028      	BRLO _0x200005D
000217 ff03      	SBRS R16,3
000218 c002      	RJMP _0x200005E
000219 5f29      	SUBI R18,-LOW(7)
00021a c001      	RJMP _0x200005F
                 _0x200005E:
00021b 5d29      	SUBI R18,-LOW(39)
                 _0x200005F:
                 _0x200005D:
00021c fd04      	SBRC R16,4
00021d c01a      	RJMP _0x2000061
00021e 3321      	CPI  R18,49
00021f f420      	BRSH _0x2000063
000220 85a8      	LDD  R26,Y+8
000221 85b9      	LDD  R27,Y+8+1
000222 9711      	SBIW R26,1
000223 f409      	BRNE _0x2000062
                 _0x2000063:
000224 c009      	RJMP _0x20000CA
                 _0x2000062:
000225 1753      	CP   R21,R19
000226 f010      	BRLO _0x2000067
000227 ff00      	SBRS R16,0
000228 c001      	RJMP _0x2000068
                 _0x2000067:
000229 c013      	RJMP _0x2000066
                 _0x2000068:
00022a e220      	LDI  R18,LOW(32)
00022b ff07      	SBRS R16,7
00022c c00b      	RJMP _0x2000069
00022d e320      	LDI  R18,LOW(48)
                 _0x20000CA:
00022e 6100      	ORI  R16,LOW(16)
00022f ff02      	SBRS R16,2
000230 c007      	RJMP _0x200006A
000231 7f0b      	ANDI R16,LOW(251)
000232 934a      	ST   -Y,R20
000233 940e 0350 	CALL SUBOPT_0x4
000235 3050      	CPI  R21,0
000236 f009      	BREQ _0x200006B
000237 5051      	SUBI R21,LOW(1)
                 _0x200006B:
                 _0x200006A:
                 _0x2000069:
                 _0x2000061:
000238 940e 0343 	CALL SUBOPT_0x2
00023a 3050      	CPI  R21,0
00023b f009      	BREQ _0x200006C
00023c 5051      	SUBI R21,LOW(1)
                 _0x200006C:
                 _0x2000066:
00023d 5031      	SUBI R19,LOW(1)
00023e 85a8      	LDD  R26,Y+8
00023f 85b9      	LDD  R27,Y+8+1
000240 9712      	SBIW R26,2
000241 f008      	BRLO _0x2000059
000242 cfb5      	RJMP _0x2000058
                 _0x2000059:
                 _0x2000056:
000243 ff00      	SBRS R16,0
000244 c008      	RJMP _0x200006D
                 _0x200006E:
000245 3050      	CPI  R21,0
000246 f031      	BREQ _0x2000070
000247 5051      	SUBI R21,LOW(1)
000248 e2e0      	LDI  R30,LOW(32)
000249 93ea      	ST   -Y,R30
00024a 940e 0350 	CALL SUBOPT_0x4
00024c cff8      	RJMP _0x200006E
                 _0x2000070:
                 _0x200006D:
                 _0x2000071:
                 _0x2000030:
                 _0x20000C9:
00024d e010      	LDI  R17,LOW(0)
                 _0x200001B:
00024e cedd      	RJMP _0x2000016
                 _0x2000018:
00024f 85ac      	LDD  R26,Y+12
000250 85bd      	LDD  R27,Y+12+1
000251 940e 0389 	CALL __GETW1P
000253 940e 039d 	CALL __LOADLOCR6
000255 9664      	ADIW R28,20
000256 9508      	RET
                 _sprintf:
000257 92ff      	PUSH R15
000258 2ef8      	MOV  R15,R24
000259 9726      	SBIW R28,6
00025a 940e 0398 	CALL __SAVELOCR4
00025c 940e 0368 	CALL SUBOPT_0x7
00025e 9730      	SBIW R30,0
00025f f419      	BRNE _0x2000072
000260 efef      	LDI  R30,LOW(65535)
000261 efff      	LDI  R31,HIGH(65535)
000262 c023      	RJMP _0x2080002
                 _0x2000072:
000263 01de      	MOVW R26,R28
000264 9616      	ADIW R26,6
000265 940e 0381 	CALL __ADDW2R15
000267 018d      	MOVW R16,R26
000268 940e 0368 	CALL SUBOPT_0x7
00026a 83ee      	STD  Y+6,R30
00026b 83ff      	STD  Y+6+1,R31
00026c e0e0      	LDI  R30,LOW(0)
00026d 87e8      	STD  Y+8,R30
00026e 87e9      	STD  Y+8+1,R30
00026f 01de      	MOVW R26,R28
000270 961a      	ADIW R26,10
000271 940e 0381 	CALL __ADDW2R15
000273 940e 0389 	CALL __GETW1P
000275 93fa      	ST   -Y,R31
000276 93ea      	ST   -Y,R30
000277 931a      	ST   -Y,R17
000278 930a      	ST   -Y,R16
000279 eee0      	LDI  R30,LOW(_put_buff_G100)
00027a e0f0      	LDI  R31,HIGH(_put_buff_G100)
00027b 93fa      	ST   -Y,R31
00027c 93ea      	ST   -Y,R30
00027d 01de      	MOVW R26,R28
00027e 961a      	ADIW R26,10
00027f dea0      	RCALL __print_G100
000280 019f      	MOVW R18,R30
000281 81ae      	LDD  R26,Y+6
000282 81bf      	LDD  R27,Y+6+1
000283 e0e0      	LDI  R30,LOW(0)
000284 93ec      	ST   X,R30
000285 01f9      	MOVW R30,R18
                 _0x2080002:
000286 940e 039f 	CALL __LOADLOCR4
000288 962a      	ADIW R28,10
000289 90ff      	POP  R15
00028a 9508      	RET
                 	#ifndef __SLEEP_DEFINED__
                 	#endif
                 
                 	.DSEG
                 
                 	.CSEG
                 __lcd_write_nibble_G101:
00028b 93aa      	ST   -Y,R26
00028c b3e8      	IN   R30,0x18
00028d 70ef      	ANDI R30,LOW(0xF)
00028e 2fae      	MOV  R26,R30
00028f 81e8      	LD   R30,Y
000290 7fe0      	ANDI R30,LOW(0xF0)
000291 2bea      	OR   R30,R26
000292 bbe8      	OUT  0x18,R30
                +
000293 e08b     +LDI R24 , LOW ( 11 )
                +__DELAY_USB_LOOP :
000294 958a     +DEC R24
000295 f7f1     +BRNE __DELAY_USB_LOOP
                 	__DELAY_USB 11
000296 9ac2      	SBI  0x18,2
                +
000297 e18b     +LDI R24 , LOW ( 27 )
                +__DELAY_USB_LOOP :
000298 958a     +DEC R24
000299 f7f1     +BRNE __DELAY_USB_LOOP
                 	__DELAY_USB 27
00029a 98c2      	CBI  0x18,2
                +
00029b e18b     +LDI R24 , LOW ( 27 )
                +__DELAY_USB_LOOP :
00029c 958a     +DEC R24
00029d f7f1     +BRNE __DELAY_USB_LOOP
                 	__DELAY_USB 27
00029e c07b      	RJMP _0x2080001
                 __lcd_write_data:
00029f 93aa      	ST   -Y,R26
0002a0 81a8      	LD   R26,Y
0002a1 dfe9      	RCALL __lcd_write_nibble_G101
0002a2 81e8          ld    r30,y
0002a3 95e2          swap  r30
0002a4 83e8          st    y,r30
0002a5 81a8      	LD   R26,Y
0002a6 dfe4      	RCALL __lcd_write_nibble_G101
                +
0002a7 ec88     +LDI R24 , LOW ( 200 )
0002a8 e090     +LDI R25 , HIGH ( 200 )
                +__DELAY_USW_LOOP :
0002a9 9701     +SBIW R24 , 1
0002aa f7f1     +BRNE __DELAY_USW_LOOP
                 	__DELAY_USW 200
0002ab c06e      	RJMP _0x2080001
                 _lcd_gotoxy:
0002ac 93aa      	ST   -Y,R26
0002ad 81e8      	LD   R30,Y
0002ae e0f0      	LDI  R31,0
0002af 5ae0      	SUBI R30,LOW(-__base_y_G101)
0002b0 4ffd      	SBCI R31,HIGH(-__base_y_G101)
0002b1 81e0      	LD   R30,Z
0002b2 81a9      	LDD  R26,Y+1
0002b3 0fae      	ADD  R26,R30
0002b4 dfea      	RCALL __lcd_write_data
0002b5 8059      	LDD  R5,Y+1
0002b6 8048      	LDD  R4,Y+0
0002b7 9622      	ADIW R28,2
0002b8 9508      	RET
                 _lcd_clear:
0002b9 e0a2      	LDI  R26,LOW(2)
0002ba dfe4      	RCALL __lcd_write_data
0002bb e0a3      	LDI  R26,LOW(3)
0002bc 940e 0340 	CALL SUBOPT_0x1
0002be e0ac      	LDI  R26,LOW(12)
0002bf dfdf      	RCALL __lcd_write_data
0002c0 e0a1      	LDI  R26,LOW(1)
0002c1 dfdd      	RCALL __lcd_write_data
0002c2 e0a3      	LDI  R26,LOW(3)
0002c3 940e 0340 	CALL SUBOPT_0x1
0002c5 e0e0      	LDI  R30,LOW(0)
0002c6 2e4e      	MOV  R4,R30
0002c7 2e5e      	MOV  R5,R30
0002c8 9508      	RET
                 _lcd_putchar:
0002c9 93aa      	ST   -Y,R26
0002ca 81a8      	LD   R26,Y
0002cb 30aa      	CPI  R26,LOW(0xA)
0002cc f011      	BREQ _0x2020005
0002cd 1457      	CP   R5,R7
0002ce f048      	BRLO _0x2020004
                 _0x2020005:
0002cf e0e0      	LDI  R30,LOW(0)
0002d0 93ea      	ST   -Y,R30
0002d1 9443      	INC  R4
0002d2 2da4      	MOV  R26,R4
0002d3 dfd8      	RCALL _lcd_gotoxy
0002d4 81a8      	LD   R26,Y
0002d5 30aa      	CPI  R26,LOW(0xA)
0002d6 f409      	BRNE _0x2020007
0002d7 c042      	RJMP _0x2080001
                 _0x2020007:
                 _0x2020004:
0002d8 9453      	INC  R5
0002d9 9ac0      	SBI  0x18,0
0002da 81a8      	LD   R26,Y
0002db dfc3      	RCALL __lcd_write_data
0002dc 98c0      	CBI  0x18,0
0002dd c03c      	RJMP _0x2080001
                 _lcd_puts:
0002de 93ba      	ST   -Y,R27
0002df 93aa      	ST   -Y,R26
0002e0 931a      	ST   -Y,R17
                 _0x2020008:
0002e1 81a9      	LDD  R26,Y+1
0002e2 81ba      	LDD  R27,Y+1+1
0002e3 91ed      	LD   R30,X+
0002e4 83a9      	STD  Y+1,R26
0002e5 83ba      	STD  Y+1+1,R27
0002e6 2f1e      	MOV  R17,R30
0002e7 30e0      	CPI  R30,0
0002e8 f019      	BREQ _0x202000A
0002e9 2fa1      	MOV  R26,R17
0002ea dfde      	RCALL _lcd_putchar
0002eb cff5      	RJMP _0x2020008
                 _0x202000A:
0002ec 8118      	LDD  R17,Y+0
0002ed 9623      	ADIW R28,3
0002ee 9508      	RET
                 _lcd_init:
0002ef 93aa      	ST   -Y,R26
0002f0 b3e7      	IN   R30,0x17
0002f1 6fe0      	ORI  R30,LOW(0xF0)
0002f2 bbe7      	OUT  0x17,R30
0002f3 9aba      	SBI  0x17,2
0002f4 9ab8      	SBI  0x17,0
0002f5 9ab9      	SBI  0x17,1
0002f6 98c2      	CBI  0x18,2
0002f7 98c0      	CBI  0x18,0
0002f8 98c1      	CBI  0x18,1
0002f9 8078      	LDD  R7,Y+0
0002fa 81e8      	LD   R30,Y
0002fb 58e0      	SUBI R30,-LOW(128)
                +
0002fc 93e0 0262+STS __base_y_G101 + ( 2 ) , R30
                 	__PUTB1MN __base_y_G101,2
0002fe 81e8      	LD   R30,Y
0002ff 54e0      	SUBI R30,-LOW(192)
                +
000300 93e0 0263+STS __base_y_G101 + ( 3 ) , R30
                 	__PUTB1MN __base_y_G101,3
000302 e1a4      	LDI  R26,LOW(20)
000303 940e 0340 	CALL SUBOPT_0x1
000305 940e 036f 	CALL SUBOPT_0x8
000307 940e 036f 	CALL SUBOPT_0x8
000309 940e 036f 	CALL SUBOPT_0x8
00030b e2a0      	LDI  R26,LOW(32)
00030c df7e      	RCALL __lcd_write_nibble_G101
                +
00030d e980     +LDI R24 , LOW ( 400 )
00030e e091     +LDI R25 , HIGH ( 400 )
                +__DELAY_USW_LOOP :
00030f 9701     +SBIW R24 , 1
000310 f7f1     +BRNE __DELAY_USW_LOOP
                 	__DELAY_USW 400
000311 e2a8      	LDI  R26,LOW(40)
000312 df8c      	RCALL __lcd_write_data
000313 e0a4      	LDI  R26,LOW(4)
000314 df8a      	RCALL __lcd_write_data
000315 e8a5      	LDI  R26,LOW(133)
000316 df88      	RCALL __lcd_write_data
000317 e0a6      	LDI  R26,LOW(6)
000318 df86      	RCALL __lcd_write_data
000319 df9f      	RCALL _lcd_clear
                 _0x2080001:
00031a 9621      	ADIW R28,1
00031b 9508      	RET
                 
                 	.CSEG
                 
                 	.CSEG
                 _strlen:
00031c 93ba      	ST   -Y,R27
00031d 93aa      	ST   -Y,R26
00031e 91a9          ld   r26,y+
00031f 91b9          ld   r27,y+
000320 27ee          clr  r30
000321 27ff          clr  r31
                 strlen0:
000322 916d          ld   r22,x+
000323 2366          tst  r22
000324 f011          breq strlen1
000325 9631          adiw r30,1
000326 cffb          rjmp strlen0
                 strlen1:
000327 9508          ret
                 _strlenf:
000328 93ba      	ST   -Y,R27
000329 93aa      	ST   -Y,R26
00032a 27aa          clr  r26
00032b 27bb          clr  r27
00032c 91e9          ld   r30,y+
00032d 91f9          ld   r31,y+
                 strlenf0:
00032e 9005      	lpm  r0,z+
00032f 2000          tst  r0
000330 f011          breq strlenf1
000331 9611          adiw r26,1
000332 cffb          rjmp strlenf0
                 strlenf1:
000333 01fd          movw r30,r26
000334 9508          ret
                 
                 	.DSEG
                 __base_y_G101:
000260           	.BYTE 0x4
                 
                 	.CSEG
                 ;OPTIMIZER ADDED SUBROUTINE, CALLED 2 TIMES, CODE SIZE REDUCTION:5 WORDS
                 SUBOPT_0x0:
000335 2766      	CLR  R22
000336 2777      	CLR  R23
000337 940e 0391 	CALL __PUTPARD1
000339 e084      	LDI  R24,4
00033a 940e 0257 	CALL _sprintf
00033c 9628      	ADIW R28,8
00033d e0e0      	LDI  R30,LOW(0)
00033e 93ea      	ST   -Y,R30
00033f 9508      	RET
                 
                 ;OPTIMIZER ADDED SUBROUTINE, CALLED 4 TIMES, CODE SIZE REDUCTION:6 WORDS
                 SUBOPT_0x1:
000340 e0b0      	LDI  R27,0
000341 940c 0377 	JMP  _delay_ms
                 
                 ;OPTIMIZER ADDED SUBROUTINE, CALLED 5 TIMES, CODE SIZE REDUCTION:13 WORDS
                 SUBOPT_0x2:
000343 932a      	ST   -Y,R18
000344 85ad      	LDD  R26,Y+13
000345 85be      	LDD  R27,Y+13+1
000346 85ef      	LDD  R30,Y+15
000347 89f8      	LDD  R31,Y+15+1
000348 9509      	ICALL
000349 9508      	RET
                 
                 ;OPTIMIZER ADDED SUBROUTINE, CALLED 5 TIMES, CODE SIZE REDUCTION:9 WORDS
                 SUBOPT_0x3:
00034a 89e8      	LDD  R30,Y+16
00034b 89f9      	LDD  R31,Y+16+1
00034c 9734      	SBIW R30,4
00034d 8be8      	STD  Y+16,R30
00034e 8bf9      	STD  Y+16+1,R31
00034f 9508      	RET
                 
                 ;OPTIMIZER ADDED SUBROUTINE, CALLED 3 TIMES, CODE SIZE REDUCTION:3 WORDS
                 SUBOPT_0x4:
000350 85ad      	LDD  R26,Y+13
000351 85be      	LDD  R27,Y+13+1
000352 85ef      	LDD  R30,Y+15
000353 89f8      	LDD  R31,Y+15+1
000354 9509      	ICALL
000355 9508      	RET
                 
                 ;OPTIMIZER ADDED SUBROUTINE, CALLED 2 TIMES, CODE SIZE REDUCTION:4 WORDS
                 SUBOPT_0x5:
000356 89a8      	LDD  R26,Y+16
000357 89b9      	LDD  R27,Y+16+1
000358 9614      	ADIW R26,4
000359 940e 0389 	CALL __GETW1P
00035b 83ee      	STD  Y+6,R30
00035c 83ff      	STD  Y+6+1,R31
00035d 81ae      	LDD  R26,Y+6
00035e 81bf      	LDD  R27,Y+6+1
00035f 9508      	RET
                 
                 ;OPTIMIZER ADDED SUBROUTINE, CALLED 2 TIMES, CODE SIZE REDUCTION:2 WORDS
                 SUBOPT_0x6:
000360 89a8      	LDD  R26,Y+16
000361 89b9      	LDD  R27,Y+16+1
000362 9614      	ADIW R26,4
000363 940e 0389 	CALL __GETW1P
000365 87ea      	STD  Y+10,R30
000366 87fb      	STD  Y+10+1,R31
000367 9508      	RET
                 
                 ;OPTIMIZER ADDED SUBROUTINE, CALLED 2 TIMES, CODE SIZE REDUCTION:1 WORDS
                 SUBOPT_0x7:
000368 01de      	MOVW R26,R28
000369 961c      	ADIW R26,12
00036a 940e 0381 	CALL __ADDW2R15
00036c 940e 0389 	CALL __GETW1P
00036e 9508      	RET
                 
                 ;OPTIMIZER ADDED SUBROUTINE, CALLED 3 TIMES, CODE SIZE REDUCTION:7 WORDS
                 SUBOPT_0x8:
00036f e3a0      	LDI  R26,LOW(48)
000370 940e 028b 	CALL __lcd_write_nibble_G101
                +
000372 e980     +LDI R24 , LOW ( 400 )
000373 e091     +LDI R25 , HIGH ( 400 )
                +__DELAY_USW_LOOP :
000374 9701     +SBIW R24 , 1
000375 f7f1     +BRNE __DELAY_USW_LOOP
                 	__DELAY_USW 400
000376 9508      	RET
                 
                 
                 	.CSEG
                 _delay_ms:
000377 9610      	adiw r26,0
000378 f039      	breq __delay_ms1
                 __delay_ms0:
                +
000379 ea80     +LDI R24 , LOW ( 0xFA0 )
00037a e09f     +LDI R25 , HIGH ( 0xFA0 )
                +__DELAY_USW_LOOP :
00037b 9701     +SBIW R24 , 1
00037c f7f1     +BRNE __DELAY_USW_LOOP
                 	__DELAY_USW 0xFA0
00037d 95a8      	wdr
00037e 9711      	sbiw r26,1
00037f f7c9      	brne __delay_ms0
                 __delay_ms1:
000380 9508      	ret
                 
                 __ADDW2R15:
000381 2400      	CLR  R0
000382 0daf      	ADD  R26,R15
000383 1db0      	ADC  R27,R0
000384 9508      	RET
                 
                 __ANEGW1:
000385 95f1      	NEG  R31
000386 95e1      	NEG  R30
000387 40f0      	SBCI R31,0
000388 9508      	RET
                 
                 __GETW1P:
000389 91ed      	LD   R30,X+
00038a 91fc      	LD   R31,X
00038b 9711      	SBIW R26,1
00038c 9508      	RET
                 
                 __GETW1PF:
00038d 9005      	LPM  R0,Z+
00038e 91f4      	LPM  R31,Z
00038f 2de0      	MOV  R30,R0
000390 9508      	RET
                 
                 __PUTPARD1:
000391 937a      	ST   -Y,R23
000392 936a      	ST   -Y,R22
000393 93fa      	ST   -Y,R31
000394 93ea      	ST   -Y,R30
000395 9508      	RET
                 
                 __SAVELOCR6:
000396 935a      	ST   -Y,R21
                 __SAVELOCR5:
000397 934a      	ST   -Y,R20
                 __SAVELOCR4:
000398 933a      	ST   -Y,R19
                 __SAVELOCR3:
000399 932a      	ST   -Y,R18
                 __SAVELOCR2:
00039a 931a      	ST   -Y,R17
00039b 930a      	ST   -Y,R16
00039c 9508      	RET
                 
                 __LOADLOCR6:
00039d 815d      	LDD  R21,Y+5
                 __LOADLOCR5:
00039e 814c      	LDD  R20,Y+4
                 __LOADLOCR4:
00039f 813b      	LDD  R19,Y+3
                 __LOADLOCR3:
0003a0 812a      	LDD  R18,Y+2
                 __LOADLOCR2:
0003a1 8119      	LDD  R17,Y+1
0003a2 8108      	LD   R16,Y
0003a3 9508      	RET
                 
                 ;END OF CODE MARKER
                 __END_OF_CODE:


RESOURCE USE INFORMATION
------------------------

Notice:
The register and instruction counts are symbol table hit counts,
and hence implicitly used resources are not counted, eg, the
'lpm' instruction without operands implicitly uses r0 and z,
none of which are counted.

x,y,z are separate entities in the symbol table and are
counted separately from r26..r31 here.

.dseg memory usage only counts static data declared with .byte

ATmega32 register use summary:
r0 :  13 r1 :   1 r2 :   0 r3 :   0 r4 :   4 r5 :   4 r6 :   0 r7 :   2 
r8 :   0 r9 :   0 r10:   0 r11:   0 r12:   0 r13:   0 r14:   0 r15:   4 
r16:  37 r17:  25 r18:  36 r19:  13 r20:   9 r21:  17 r22:   6 r23:   2 
r24:  25 r25:   6 r26: 107 r27:  35 r28:  19 r29:   1 r30: 194 r31:  65 
x  :  23 y  : 172 z  :  15 
Registers used: 25 out of 35 (71.4%)

ATmega32 instruction use summary:
.lds  :   0 .lds.l:   0 .sts  :   0 .sts.l:   0 adc   :   1 add   :   4 
adiw  :  26 and   :   0 andi  :   6 asr   :   0 bclr  :   0 bld   :   0 
brbc  :   0 brbs  :   0 brcc  :   0 brcs  :   0 break :   0 breq  :  17 
brge  :   0 brhc  :   0 brhs  :   0 brid  :   0 brie  :   0 brlo  :   9 
brlt  :   0 brmi  :   1 brne  :  31 brpl  :   1 brsh  :   3 brtc  :   0 
brts  :   0 brvc  :   0 brvs  :   0 bset  :   0 bst   :   0 call  :  56 
cbi   :   5 cbr   :   0 clc   :   0 clh   :   0 cli   :   1 cln   :   0 
clr   :   9 cls   :   0 clt   :   0 clv   :   0 clz   :   0 com   :   0 
cp    :   4 cpc   :   4 cpi   :  35 cpse  :   0 dec   :   5 des   :   0 
eor   :   0 fmul  :   0 fmuls :   0 fmulsu:   0 icall :   2 ijmp  :   0 
in    :   4 inc   :   2 jmp   :  27 ld    :  26 ldd   :  77 ldi   : 109 
lds   :   0 lpm   :  14 lsl   :   0 lsr   :   0 mov   :  17 movw  :  23 
mul   :   3 muls  :   0 mulsu :   0 neg   :   2 nop   :   0 or    :   1 
ori   :   8 out   :  31 pop   :   1 push  :   1 rcall :  17 ret   :  25 
reti  :   0 rjmp  :  57 rol   :   0 ror   :   0 sbc   :   1 sbci  :   2 
sbi   :   7 sbic  :   0 sbis  :   1 sbiw  :  21 sbr   :   0 sbrc  :   2 
sbrs  :  10 sec   :   0 seh   :   0 sei   :   0 sen   :   0 ser   :   0 
ses   :   0 set   :   0 sev   :   0 sez   :   0 sleep :   0 spm   :   0 
st    :  64 std   :  31 sts   :   2 sub   :   1 subi  :  16 swap  :   1 
tst   :   4 wdr   :   1 
Instructions used: 53 out of 116 (45.7%)

ATmega32 memory use summary [bytes]:
Segment   Begin    End      Code   Data   Used    Size   Use%
---------------------------------------------------------------
[.cseg] 0x000000 0x000748   1824     40   1864   32768   5.7%
[.dseg] 0x000060 0x000264      0      4      4    2143   0.2%
[.eseg] 0x000000 0x000000      0      0      0    1024   0.0%

Assembly complete, 0 errors, 3 warnings
